[==========] Running 10 tests from 1 test case.
[----------] Global test environment set-up.
[----------] 10 tests from string_map_test
[ RUN      ] string_map_test.vacio
[       OK ] string_map_test.vacio (27 ms)
[ RUN      ] string_map_test.asignar
[       OK ] string_map_test.asignar (10 ms)
[ RUN      ] string_map_test.obtener
[       OK ] string_map_test.obtener (14 ms)
[ RUN      ] string_map_test.redefinir
[       OK ] string_map_test.redefinir (7 ms)
[ RUN      ] string_map_test.count
[       OK ] string_map_test.count (23 ms)
[ RUN      ] string_map_test.copiar
[       OK ] string_map_test.copiar (31 ms)
[ RUN      ] string_map_test.no_aliasing
[       OK ] string_map_test.no_aliasing (5 ms)
[ RUN      ] string_map_test.TrieDeTries
[       OK ] string_map_test.TrieDeTries (60 ms)
[ RUN      ] string_map_test.eraseUnicaClave
[       OK ] string_map_test.eraseUnicaClave (8 ms)
[ RUN      ] string_map_test.erase
[       OK ] string_map_test.erase (19 ms)
[----------] 10 tests from string_map_test (216 ms total)

[----------] Global test environment tear-down
[==========] 10 tests from 1 test case ran. (276 ms total)
[  PASSED  ] 10 tests.
